<?xml version="1.0" encoding="UTF-8"?>
<!-- Generated by org.testng.reporters.JUnitXMLReporter -->
<testsuite ignored="0" hostname="Bhuvi" failures="0" tests="10" name="Surefire test" time="20.842" errors="0" timestamp="2024-05-07T20:15:17 IST">
  <testcase classname="api.test.DDTests" name="testPostUser" time="3.458"/>
  <testcase classname="api.test.DDTests" name="testPostUser" time="1.534"/>
  <testcase classname="api.test.DDTests" name="testPostUser" time="1.551"/>
  <testcase classname="api.test.DDTests" name="testDeleteUserByName" time="1.64"/>
  <testcase classname="api.test.DDTests" name="testDeleteUserByName" time="1.533"/>
  <testcase classname="api.test.DDTests" name="testDeleteUserByName" time="1.533"/>
  <testcase classname="api.test.UserTests" name="testPostUser" time="1.568"/>
  <testcase classname="api.test.UserTests" name="testGetUserByName" time="1.535"/>
  <testcase classname="api.test.UserTests" name="testUpdateUserByName" time="3.069"/>
  <testcase classname="api.test.UserTests" name="testDeleteUserByName" time="1.533"/>
</testsuite> <!-- Surefire test -->
