<?xml version="1.0" encoding="UTF-8"?>
<!-- Generated by org.testng.reporters.JUnitXMLReporter -->
<testsuite ignored="0" hostname="Bhuvi" failures="0" tests="4" name="Default test" time="10.218" errors="0" timestamp="2024-05-07T19:55:19 IST">
  <testcase classname="api.test.UserTests2" name="testPostUser" time="3.297"/>
  <testcase classname="api.test.UserTests2" name="testGetUserByName" time="1.516"/>
  <testcase classname="api.test.UserTests2" name="testUpdateUserByName" time="3.076"/>
  <testcase classname="api.test.UserTests2" name="testDeleteUserByName" time="1.527"/>
</testsuite> <!-- Default test -->
