<?xml version="1.0" encoding="UTF-8"?>
<!-- Generated by org.testng.reporters.JUnitXMLReporter -->
<testsuite ignored="0" hostname="Bhuvi" failures="0" tests="4" name="Default test" time="10.76" errors="0" timestamp="2024-05-08T14:56:38 IST">
  <testcase classname="api.test.UserTests" name="testPostUser" time="3.555"/>
  <testcase classname="api.test.UserTests" name="testGetUserByName" time="1.563"/>
  <testcase classname="api.test.UserTests" name="testUpdateUserByName" time="2.964"/>
  <testcase classname="api.test.UserTests" name="testDeleteUserByName" time="1.531"/>
</testsuite> <!-- Default test -->
