<?xml version="1.0" encoding="UTF-8"?>
<!-- Generated by org.testng.reporters.JUnitXMLReporter -->
<testsuite ignored="0" hostname="Bhuvi" failures="0" tests="4" name="PetTests" time="10.389" errors="0" timestamp="2024-05-07T22:48:38 IST">
  <testcase classname="api.test.UserTests2" name="testPostUser" time="3.419"/>
  <testcase classname="api.test.UserTests2" name="testGetUserByName" time="1.562"/>
  <testcase classname="api.test.UserTests2" name="testUpdateUserByName" time="3.064"/>
  <testcase classname="api.test.UserTests2" name="testDeleteUserByName" time="1.423"/>
</testsuite> <!-- PetTests -->
